
> canopy-wallet@0.0.1 dev
> vite --host 127.0.0.1 --port 5173


  [32m[1mVITE[22m v5.4.20[39m  [2mready in [0m[1m806[22m[2m[0m ms[22m

  [32m➜[39m  [1mLocal[22m:   [36mhttp://127.0.0.1:[1m5173[22m/[39m
[2m7:46:03 AM[22m [36m[1m[vite][22m[39m [32mhmr update [39m[2m/src/app/pages/RepuRing.tsx, /src/index.css[22m
[2m7:46:03 AM[22m [36m[1m[vite][22m[39m [32mhmr update [39m[2m/src/app/pages/RepuRing.tsx, /src/index.css[22m
[2m8:11:28 AM[22m [36m[1m[vite][22m[39m [32mpage reload [39m[2mindex.html[22m
[2m8:11:28 AM[22m [36m[1m[vite][22m[39m [32mhmr update [39m[2m/src/app/App.tsx, /src/index.css[22m
[2m8:11:28 AM[22m [36m[1m[vite][22m[39m [32mhmr update [39m[2m/src/components/layouts/AppSidebar.tsx, /src/index.css[22m
[2m8:11:28 AM[22m [36m[1m[vite][22m[39m [32mhmr update [39m[2m/src/index.css, /src/app/pages/KeyManagement.tsx, /src/app/providers/AccountsListProvider.tsx, /src/components/key-management/CurrentWallet.tsx, /src/components/layouts/TopBar.tsx, /src/components/key-management/NewKey.tsx, /src/components/key-management/ImportWallet.tsx[22m
[2m8:11:28 AM[22m [36m[1m[vite][22m[39m [32mhmr update [39m[2m/src/app/pages/RepuRing.tsx, /src/index.css[22m
[2m8:11:28 AM[22m [36m[1m[vite][22m[39m [32mhmr update [39m[2m/src/components/layouts/MainLayout.tsx, /src/index.css[22m
[2m8:11:28 AM[22m [36m[1m[vite][22m[39m [32mhmr update [39m[2m/src/components/layouts/TopBar.tsx, /src/index.css[22m
[2m8:17:31 AM[22m [36m[1m[vite][22m[39m [32mpage reload [39m[2mindex.html[22m
[2m8:17:31 AM[22m [36m[1m[vite][22m[39m [32mhmr update [39m[2m/src/app/App.tsx, /src/index.css[22m
[2m8:17:31 AM[22m [36m[1m[vite][22m[39m [32mhmr update [39m[2m/src/components/layouts/AppSidebar.tsx, /src/index.css[22m
[2m8:17:31 AM[22m [36m[1m[vite][22m[39m [32mhmr update [39m[2m/src/index.css, /src/app/pages/KeyManagement.tsx, /src/app/providers/AccountsListProvider.tsx, /src/components/key-management/CurrentWallet.tsx, /src/components/layouts/TopBar.tsx, /src/app/pages/Orders.tsx, /src/app/pages/Monitoring.tsx, /src/app/pages/Staking.tsx, /src/app/pages/Governance.tsx, /src/app/pages/Accounts.tsx, /src/components/dashboard/TotalBalanceCard.tsx, /src/components/dashboard/StakedBalanceCard.tsx, /src/components/staking/StatsCards.tsx, /src/components/key-management/NewKey.tsx, /src/components/key-management/ImportWallet.tsx, /src/app/pages/Dashboard.tsx, /src/components/dashboard/NodeManagementCard.tsx, /src/components/monitoring/RawJSON.tsx[22m
[2m8:17:31 AM[22m [36m[1m[vite][22m[39m [32mhmr update [39m[2m/src/components/layouts/MainLayout.tsx, /src/index.css[22m
[2m8:17:31 AM[22m [36m[1m[vite][22m[39m [32mhmr update [39m[2m/src/components/layouts/TopBar.tsx, /src/index.css[22m
[2m8:17:31 AM[22m [36m[1m[vite][22m[39m [32mhmr update [39m[2m/src/app/pages/RepuRing.tsx[22m
